#
# There is insufficient memory for the Java Runtime Environment to continue.
# Native memory allocation (malloc) failed to allocate 1048576 bytes for AllocateHeap
# Possible reasons:
#   The system is out of physical RAM or swap space
#   In 32 bit mode, the process size limit was hit
# Possible solutions:
#   Reduce memory load on the system
#   Increase physical memory or swap space
#   Check if swap backing store is full
#   Use 64 bit Java on a 64 bit OS
#   Decrease Java heap size (-Xmx/-Xms)
#   Decrease number of Java threads
#   Decrease Java thread stack sizes (-Xss)
#   Set larger code cache with -XX:ReservedCodeCacheSize=
# This output file may be truncated or incomplete.
#
#  Out of Memory Error (memory/allocation.inline.hpp:61), pid=12784, tid=0x0000000000002424
#
# JRE version:  (8.0_162-b12) (build )
# Java VM: Java HotSpot(TM) 64-Bit Server VM (25.162-b12 mixed mode windows-amd64 compressed oops)
# Failed to write core dump. Minidumps are not enabled by default on client versions of Windows
#

---------------  T H R E A D  ---------------

Current thread (0x00000000031ee000):  JavaThread "Unknown thread" [_thread_in_vm, id=9252, stack(0x0000000003080000,0x0000000003180000)]

Stack: [0x0000000003080000,0x0000000003180000]
[error occurred during error reporting (printing stack bounds), id 0xc0000005]

Native frames: (J=compiled Java code, j=interpreted, Vv=VM code, C=native code)


---------------  P R O C E S S  ---------------

Java Threads: ( => current thread )

Other Threads:

=>0x00000000031ee000 (exited) JavaThread "Unknown thread" [_thread_in_vm, id=9252, stack(0x0000000003080000,0x0000000003180000)]

VM state:not at safepoint (normal execution)

VM Mutex/Monitor currently owned by a thread: None

Heap:
 PSYoungGen      total 37888K, used 655K [0x00000000d6400000, 0x00000000d8e00000, 0x0000000100000000)
  eden space 32768K, 2% used [0x00000000d6400000,0x00000000d64a3d80,0x00000000d8400000)
  from space 5120K, 0% used [0x00000000d8900000,0x00000000d8900000,0x00000000d8e00000)
  to   space 5120K, 0% used [0x00000000d8400000,0x00000000d8400000,0x00000000d8900000)
 ParOldGen       total 86016K, used 0K [0x0000000082c00000, 0x0000000088000000, 0x00000000d6400000)
  object space 86016K, 0% used [0x0000000082c00000,0x0000000082c00000,0x0000000088000000)
 Metaspace       used 747K, capacity 4480K, committed 4480K, reserved 1056768K
  class space    used 75K, capacity 384K, committed 384K, reserved 1048576K

Card table byte_map: [0x0000000012a10000,0x0000000012e00000] byte_map_base: 0x00000000125fa000

Marking Bits: (ParMarkBitMap*) 0x000000006e510860
 Begin Bits: [0x00000000138a0000, 0x00000000157f0000)
 End Bits:   [0x00000000157f0000, 0x0000000017740000)

Polling page: 0x0000000001300000

CodeCache: size=245760Kb used=328Kb max_used=328Kb free=245431Kb
 bounds [0x0000000003650000, 0x00000000038c0000, 0x0000000012650000]
 total_blobs=58 nmethods=0 adapters=38
 compilation: enabled

Compilation events (0 events):
No events

GC Heap History (0 events):
No events

Deoptimization events (0 events):
No events

Classes redefined (0 events):
No events

Internal exceptions (0 events):
No events

Events (10 events):
Event: 0.026 loading class java/lang/Short
Event: 0.026 loading class java/lang/Short done
Event: 0.026 loading class java/lang/Integer
Event: 0.026 loading class java/lang/Integer done
Event: 0.026 loading class java/lang/Long
Event: 0.026 loading class java/lang/Long done
Event: 0.027 loading class java/lang/NullPointerException
Event: 0.027 loading class java/lang/NullPointerException done
Event: 0.027 loading class java/lang/ArithmeticException
Event: 0.027 loading class java/lang/ArithmeticException done


Dynamic libraries:
0x00007ff6aa500000 - 0x00007ff6aa537000 	C:\Program Files\Java\jre1.8.0_162\bin\javaw.exe
0x00007ffbb42d0000 - 0x00007ffbb44b1000 	C:\WINDOWS\SYSTEM32\ntdll.dll
0x00007ffbb3ec0000 - 0x00007ffbb3f72000 	C:\WINDOWS\System32\KERNEL32.DLL
0x00007ffbb0910000 - 0x00007ffbb0b83000 	C:\WINDOWS\System32\KERNELBASE.dll
0x00007ffbb25e0000 - 0x00007ffbb2681000 	C:\WINDOWS\System32\ADVAPI32.dll
0x00007ffbb23b0000 - 0x00007ffbb244e000 	C:\WINDOWS\System32\msvcrt.dll
0x00007ffbb2350000 - 0x00007ffbb23ab000 	C:\WINDOWS\System32\sechost.dll
0x00007ffbb1760000 - 0x00007ffbb1884000 	C:\WINDOWS\System32\RPCRT4.dll
0x00007ffbb4080000 - 0x00007ffbb4210000 	C:\WINDOWS\System32\USER32.dll
0x00007ffbb08f0000 - 0x00007ffbb0910000 	C:\WINDOWS\System32\win32u.dll
0x00007ffbb4210000 - 0x00007ffbb4238000 	C:\WINDOWS\System32\GDI32.dll
0x00007ffbb1510000 - 0x00007ffbb16a2000 	C:\WINDOWS\System32\gdi32full.dll
0x00007ffbb12a0000 - 0x00007ffbb133f000 	C:\WINDOWS\System32\msvcp_win.dll
0x00007ffbb13c0000 - 0x00007ffbb14ba000 	C:\WINDOWS\System32\ucrtbase.dll
0x00007ffba4980000 - 0x00007ffba4be9000 	C:\WINDOWS\WinSxS\amd64_microsoft.windows.common-controls_6595b64144ccf1df_6.0.17134.191_none_fb3e94b130690543\COMCTL32.dll
0x00007ffbb3af0000 - 0x00007ffbb3e13000 	C:\WINDOWS\System32\combase.dll
0x00007ffbb1340000 - 0x00007ffbb13ba000 	C:\WINDOWS\System32\bcryptPrimitives.dll
0x00007ffbb3f80000 - 0x00007ffbb3fad000 	C:\WINDOWS\System32\IMM32.DLL
0x000000006da20000 - 0x000000006daf1000 	C:\Program Files\Java\jre1.8.0_162\bin\msvcr100.dll
0x000000006dcf0000 - 0x000000006e590000 	C:\Program Files\Java\jre1.8.0_162\bin\server\jvm.dll
0x00007ffbb3ae0000 - 0x00007ffbb3ae8000 	C:\WINDOWS\System32\PSAPI.DLL
0x00007ffbac550000 - 0x00007ffbac559000 	C:\WINDOWS\SYSTEM32\WSOCK32.dll
0x00007ffba2000000 - 0x00007ffba2023000 	C:\WINDOWS\SYSTEM32\WINMM.dll
0x00007ffbab2d0000 - 0x00007ffbab2da000 	C:\WINDOWS\SYSTEM32\VERSION.dll
0x00007ffbb22e0000 - 0x00007ffbb234c000 	C:\WINDOWS\System32\WS2_32.dll
0x00007ffba1ee0000 - 0x00007ffba1f0a000 	C:\WINDOWS\SYSTEM32\winmmbase.dll
0x00007ffbb14c0000 - 0x00007ffbb1509000 	C:\WINDOWS\System32\cfgmgr32.dll
0x000000006dc00000 - 0x000000006dc0f000 	C:\Program Files\Java\jre1.8.0_162\bin\verify.dll
0x000000006dbd0000 - 0x000000006dbf9000 	C:\Program Files\Java\jre1.8.0_162\bin\java.dll
0x000000006dbb0000 - 0x000000006dbc6000 	C:\Program Files\Java\jre1.8.0_162\bin\zip.dll

VM Arguments:
jvm_args: -Dfile.encoding=GBK 
java_command: start.MainClass
java_class_path (initial): C:\Program Files\Java\jre1.8.0_162\lib\resources.jar;C:\Program Files\Java\jre1.8.0_162\lib\rt.jar;C:\Program Files\Java\jre1.8.0_162\lib\jsse.jar;C:\Program Files\Java\jre1.8.0_162\lib\jce.jar;C:\Program Files\Java\jre1.8.0_162\lib\charsets.jar;C:\Program Files\Java\jre1.8.0_162\lib\jfr.jar;C:\Program Files\Java\jre1.8.0_162\lib\ext\access-bridge-64.jar;C:\Program Files\Java\jre1.8.0_162\lib\ext\cldrdata.jar;C:\Program Files\Java\jre1.8.0_162\lib\ext\dnsns.jar;C:\Program Files\Java\jre1.8.0_162\lib\ext\jaccess.jar;C:\Program Files\Java\jre1.8.0_162\lib\ext\jfxrt.jar;C:\Program Files\Java\jre1.8.0_162\lib\ext\localedata.jar;C:\Program Files\Java\jre1.8.0_162\lib\ext\nashorn.jar;C:\Program Files\Java\jre1.8.0_162\lib\ext\sunec.jar;C:\Program Files\Java\jre1.8.0_162\lib\ext\sunjce_provider.jar;C:\Program Files\Java\jre1.8.0_162\lib\ext\sunmscapi.jar;C:\Program Files\Java\jre1.8.0_162\lib\ext\sunpkcs11.jar;C:\Program Files\Java\jre1.8.0_162\lib\ext\zipfs.jar;C:\Users\Administrator\Documents\GitHub\123doing\bin
Launcher Type: SUN_STANDARD

Environment Variables:
JAVA_HOME=C:\Program Files\Java\jdk1.8.0_162
CLASSPATH=C:\Program Files\Java\jdk1.8.0_162lib\dt.jar;C:\Program Files\Java\jdk1.8.0_162\lib\tools.jar
PATH=C:/Program Files/Java/jre1.8.0_162/bin/server;C:/Program Files/Java/jre1.8.0_162/bin;C:/Program Files/Java/jre1.8.0_162/lib/amd64;C:\ProgramData\Oracle\Java\javapath;C:\Program Files (x86)\Common Files\Intel\Shared Libraries\redist\intel64\compiler;C:\WINDOWS\system32;C:\WINDOWS;C:\WINDOWS\System32\Wbem;C:\WINDOWS\System32\WindowsPowerShell\v1.0\;D:\Program Files (x86)\QT Lite\QTSystem;C:\WINDOWS\System32\OpenSSH\;C:\Program Files\Java\jdk1.8.0_162\bin;;C:\Program Files (x86)\NVIDIA Corporation\PhysX\Common;C:\Users\Administrator\AppData\Local\Microsoft\WindowsApps;C:\Users\Administrator\AppData\Local\GitHubDesktop\bin;C:\Users\Administrator\Desktop;
USERNAME=RuotongXu
OS=Windows_NT
PROCESSOR_IDENTIFIER=Intel64 Family 6 Model 60 Stepping 3, GenuineIntel



---------------  S Y S T E M  ---------------

OS: Windows 10.0 , 64 bit Build 17134 (10.0.17134.1)

CPU:total 8 (initial active 8) (4 cores per cpu, 2 threads per core) family 6 model 60 stepping 3, cmov, cx8, fxsr, mmx, sse, sse2, sse3, ssse3, sse4.1, sse4.2, popcnt, avx, avx2, aes, clmul, erms, lzcnt, ht, tsc, tscinvbit, bmi1, bmi2

Memory: 4k page, physical 8208376k(3484200k free), swap 10256376k(6016k free)

vm_info: Java HotSpot(TM) 64-Bit Server VM (25.162-b12) for windows-amd64 JRE (1.8.0_162-b12), built on Dec 19 2017 20:00:03 by "java_re" with MS VC++ 10.0 (VS2010)

time: Tue Aug 14 01:00:52 2018
elapsed time: 0 seconds (0d 0h 0m 0s)

